<?xml version="1.0" encoding="UTF-8"?>
<testng-results ignored="0" total="4" passed="4" failed="0" skipped="0">
  <reporter-output>
    <line>
      <![CDATA[Test started: SearchTest]]>
    </line>
    <line>
      <![CDATA[Test started: SearchTest]]>
    </line>
    <line>
      <![CDATA[Number of related sections: 7]]>
    </line>
    <line>
      <![CDATA[Found related search sections: 7]]>
    </line>
    <line>
      <![CDATA[
All related search items contain the word: Vodafone]]>
    </line>
    <line>
      <![CDATA[Number of results on Page 2: 10]]>
    </line>
    <line>
      <![CDATA[Number of related sections: 7]]>
    </line>
    <line>
      <![CDATA[Found related search sections: 7]]>
    </line>
    <line>
      <![CDATA[
All related search items contain the word: Vodafone]]>
    </line>
    <line>
      <![CDATA[Number of results on Page 2: 10]]>
    </line>
    <line>
      <![CDATA[Number of results on Page 3: 10]]>
    </line>
    <line>
      <![CDATA[
Page 2 results: 10 | Page 3 results: 10]]>
    </line>
    <line>
      <![CDATA[Test Passed: SearchTest]]>
    </line>
    <line>
      <![CDATA[<a href='C:\Users\El_se7mawy\eclipse-workspace\TestAutomationFramework\screenshots\SearchTest_20250909_222410.png'> <img src='C:\Users\El_se7mawy\eclipse-workspace\TestAutomationFramework\screenshots\SearchTest_20250909_222410.png' height='200' width='200'/> </a>]]>
    </line>
    <line>
      <![CDATA[Number of results on Page 3: 10]]>
    </line>
    <line>
      <![CDATA[
Page 2 results: 10 | Page 3 results: 10]]>
    </line>
    <line>
      <![CDATA[Test Passed: SearchTest]]>
    </line>
    <line>
      <![CDATA[Test started: SearchTest]]>
    </line>
    <line>
      <![CDATA[<a href='C:\Users\El_se7mawy\eclipse-workspace\TestAutomationFramework\screenshots\SearchTest_20250909_222414.png'> <img src='C:\Users\El_se7mawy\eclipse-workspace\TestAutomationFramework\screenshots\SearchTest_20250909_222414.png' height='200' width='200'/> </a>]]>
    </line>
    <line>
      <![CDATA[Test started: SearchTest]]>
    </line>
    <line>
      <![CDATA[Number of related sections: 11]]>
    </line>
    <line>
      <![CDATA[Found related search sections: 11]]>
    </line>
    <line>
      <![CDATA[
All related search items contain the word: Vodaa]]>
    </line>
    <line>
      <![CDATA[Number of results on Page 2: 10]]>
    </line>
    <line>
      <![CDATA[Number of results on Page 3: 10]]>
    </line>
    <line>
      <![CDATA[
Page 2 results: 10 | Page 3 results: 10]]>
    </line>
    <line>
      <![CDATA[Test Passed: SearchTest]]>
    </line>
    <line>
      <![CDATA[<a href='C:\Users\El_se7mawy\eclipse-workspace\TestAutomationFramework\screenshots\SearchTest_20250909_222444.png'> <img src='C:\Users\El_se7mawy\eclipse-workspace\TestAutomationFramework\screenshots\SearchTest_20250909_222444.png' height='200' width='200'/> </a>]]>
    </line>
    <line>
      <![CDATA[Number of related sections: 11]]>
    </line>
    <line>
      <![CDATA[Found related search sections: 11]]>
    </line>
    <line>
      <![CDATA[
All related search items contain the word: Vodaa]]>
    </line>
    <line>
      <![CDATA[Number of results on Page 2: 10]]>
    </line>
    <line>
      <![CDATA[Number of results on Page 3: 10]]>
    </line>
    <line>
      <![CDATA[
Page 2 results: 10 | Page 3 results: 10]]>
    </line>
    <line>
      <![CDATA[Test Passed: SearchTest]]>
    </line>
    <line>
      <![CDATA[<a href='C:\Users\El_se7mawy\eclipse-workspace\TestAutomationFramework\screenshots\SearchTest_20250909_222456.png'> <img src='C:\Users\El_se7mawy\eclipse-workspace\TestAutomationFramework\screenshots\SearchTest_20250909_222456.png' height='200' width='200'/> </a>]]>
    </line>
  </reporter-output>
  <suite started-at="2025-09-09T22:23:31 EEST" name="Suite" finished-at="2025-09-09T22:24:56 EEST" duration-ms="84268">
    <groups>
    </groups>
    <test started-at="2025-09-09T22:23:31 EEST" name="ChromeTest" finished-at="2025-09-09T22:24:45 EEST" duration-ms="73157">
      <class name="testcase.FirstTestFW">
        <test-method is-config="true" signature="setup(java.lang.String)[pri:0, instance:testcase.FirstTestFW@41e1e210]" started-at="2025-09-09T22:23:32 EEST" name="setup" finished-at="2025-09-09T22:23:37 EEST" duration-ms="4753" status="PASS">
          <params>
            <param index="0">
              <value>
                <![CDATA[chrome]]>
              </value>
            </param>
          </params>
          <reporter-output>
          </reporter-output>
        </test-method> <!-- setup -->
        <test-method signature="SearchTest(java.lang.String)[pri:0, instance:testcase.FirstTestFW@41e1e210]" started-at="2025-09-09T22:23:37 EEST" name="SearchTest" data-provider="datatest" finished-at="2025-09-09T22:24:10 EEST" duration-ms="32962" status="PASS">
          <params>
            <param index="0">
              <value>
                <![CDATA[Vodafone]]>
              </value>
            </param>
          </params>
          <reporter-output>
            <line>
              <![CDATA[Test started: SearchTest]]>
            </line>
            <line>
              <![CDATA[Number of related sections: 7]]>
            </line>
            <line>
              <![CDATA[Found related search sections: 7]]>
            </line>
            <line>
              <![CDATA[
All related search items contain the word: Vodafone]]>
            </line>
            <line>
              <![CDATA[Number of results on Page 2: 10]]>
            </line>
            <line>
              <![CDATA[Number of results on Page 3: 10]]>
            </line>
            <line>
              <![CDATA[
Page 2 results: 10 | Page 3 results: 10]]>
            </line>
            <line>
              <![CDATA[Test Passed: SearchTest]]>
            </line>
            <line>
              <![CDATA[<a href='C:\Users\El_se7mawy\eclipse-workspace\TestAutomationFramework\screenshots\SearchTest_20250909_222410.png'> <img src='C:\Users\El_se7mawy\eclipse-workspace\TestAutomationFramework\screenshots\SearchTest_20250909_222410.png' height='200' width='200'/> </a>]]>
            </line>
          </reporter-output>
        </test-method> <!-- SearchTest -->
        <test-method is-config="true" signature="tearDown(org.testng.ITestResult)[pri:0, instance:testcase.FirstTestFW@41e1e210]" started-at="2025-09-09T22:24:10 EEST" name="tearDown" finished-at="2025-09-09T22:24:10 EEST" duration-ms="189" status="PASS">
          <params>
            <param index="0">
              <value>
                <![CDATA[[TestResult name=SearchTest status=SUCCESS method=FirstTestFW.SearchTest(java.lang.String)[pri:0, instance:testcase.FirstTestFW@41e1e210] output=Test started: SearchTest]]]>
              </value>
            </param>
          </params>
          <reporter-output>
          </reporter-output>
        </test-method> <!-- tearDown -->
        <test-method is-config="true" signature="setup(java.lang.String)[pri:0, instance:testcase.FirstTestFW@41e1e210]" started-at="2025-09-09T22:24:10 EEST" name="setup" finished-at="2025-09-09T22:24:13 EEST" duration-ms="2549" status="PASS">
          <params>
            <param index="0">
              <value>
                <![CDATA[chrome]]>
              </value>
            </param>
          </params>
          <reporter-output>
          </reporter-output>
        </test-method> <!-- setup -->
        <test-method signature="SearchTest(java.lang.String)[pri:0, instance:testcase.FirstTestFW@41e1e210]" started-at="2025-09-09T22:24:13 EEST" name="SearchTest" data-provider="datatest" finished-at="2025-09-09T22:24:44 EEST" duration-ms="31479" status="PASS">
          <params>
            <param index="0">
              <value>
                <![CDATA[Vodaa]]>
              </value>
            </param>
          </params>
          <reporter-output>
            <line>
              <![CDATA[Test started: SearchTest]]>
            </line>
            <line>
              <![CDATA[Number of related sections: 11]]>
            </line>
            <line>
              <![CDATA[Found related search sections: 11]]>
            </line>
            <line>
              <![CDATA[
All related search items contain the word: Vodaa]]>
            </line>
            <line>
              <![CDATA[Number of results on Page 2: 10]]>
            </line>
            <line>
              <![CDATA[Number of results on Page 3: 10]]>
            </line>
            <line>
              <![CDATA[
Page 2 results: 10 | Page 3 results: 10]]>
            </line>
            <line>
              <![CDATA[Test Passed: SearchTest]]>
            </line>
            <line>
              <![CDATA[<a href='C:\Users\El_se7mawy\eclipse-workspace\TestAutomationFramework\screenshots\SearchTest_20250909_222444.png'> <img src='C:\Users\El_se7mawy\eclipse-workspace\TestAutomationFramework\screenshots\SearchTest_20250909_222444.png' height='200' width='200'/> </a>]]>
            </line>
          </reporter-output>
        </test-method> <!-- SearchTest -->
        <test-method is-config="true" signature="tearDown(org.testng.ITestResult)[pri:0, instance:testcase.FirstTestFW@41e1e210]" started-at="2025-09-09T22:24:44 EEST" name="tearDown" finished-at="2025-09-09T22:24:45 EEST" duration-ms="160" status="PASS">
          <params>
            <param index="0">
              <value>
                <![CDATA[[TestResult name=SearchTest status=SUCCESS method=FirstTestFW.SearchTest(java.lang.String)[pri:0, instance:testcase.FirstTestFW@41e1e210] output=Test started: SearchTest]]]>
              </value>
            </param>
          </params>
          <reporter-output>
          </reporter-output>
        </test-method> <!-- tearDown -->
      </class> <!-- testcase.FirstTestFW -->
    </test> <!-- ChromeTest -->
    <test started-at="2025-09-09T22:23:31 EEST" name="EdgeTest" finished-at="2025-09-09T22:24:56 EEST" duration-ms="84268">
      <class name="testcase.FirstTestFW">
        <test-method is-config="true" signature="setup(java.lang.String)[pri:0, instance:testcase.FirstTestFW@22ef9844]" started-at="2025-09-09T22:23:32 EEST" name="setup" finished-at="2025-09-09T22:23:38 EEST" duration-ms="5249" status="PASS">
          <params>
            <param index="0">
              <value>
                <![CDATA[edge]]>
              </value>
            </param>
          </params>
          <reporter-output>
          </reporter-output>
        </test-method> <!-- setup -->
        <test-method signature="SearchTest(java.lang.String)[pri:0, instance:testcase.FirstTestFW@22ef9844]" started-at="2025-09-09T22:23:38 EEST" name="SearchTest" data-provider="datatest" finished-at="2025-09-09T22:24:12 EEST" duration-ms="34643" status="PASS">
          <params>
            <param index="0">
              <value>
                <![CDATA[Vodafone]]>
              </value>
            </param>
          </params>
          <reporter-output>
            <line>
              <![CDATA[Test started: SearchTest]]>
            </line>
            <line>
              <![CDATA[Number of related sections: 7]]>
            </line>
            <line>
              <![CDATA[Found related search sections: 7]]>
            </line>
            <line>
              <![CDATA[
All related search items contain the word: Vodafone]]>
            </line>
            <line>
              <![CDATA[Number of results on Page 2: 10]]>
            </line>
            <line>
              <![CDATA[Number of results on Page 3: 10]]>
            </line>
            <line>
              <![CDATA[
Page 2 results: 10 | Page 3 results: 10]]>
            </line>
            <line>
              <![CDATA[Test Passed: SearchTest]]>
            </line>
            <line>
              <![CDATA[<a href='C:\Users\El_se7mawy\eclipse-workspace\TestAutomationFramework\screenshots\SearchTest_20250909_222414.png'> <img src='C:\Users\El_se7mawy\eclipse-workspace\TestAutomationFramework\screenshots\SearchTest_20250909_222414.png' height='200' width='200'/> </a>]]>
            </line>
          </reporter-output>
        </test-method> <!-- SearchTest -->
        <test-method is-config="true" signature="tearDown(org.testng.ITestResult)[pri:0, instance:testcase.FirstTestFW@22ef9844]" started-at="2025-09-09T22:24:14 EEST" name="tearDown" finished-at="2025-09-09T22:24:15 EEST" duration-ms="669" status="PASS">
          <params>
            <param index="0">
              <value>
                <![CDATA[[TestResult name=SearchTest status=SUCCESS method=FirstTestFW.SearchTest(java.lang.String)[pri:0, instance:testcase.FirstTestFW@22ef9844] output=Test started: SearchTest]]]>
              </value>
            </param>
          </params>
          <reporter-output>
          </reporter-output>
        </test-method> <!-- tearDown -->
        <test-method is-config="true" signature="setup(java.lang.String)[pri:0, instance:testcase.FirstTestFW@22ef9844]" started-at="2025-09-09T22:24:15 EEST" name="setup" finished-at="2025-09-09T22:24:21 EEST" duration-ms="6473" status="PASS">
          <params>
            <param index="0">
              <value>
                <![CDATA[edge]]>
              </value>
            </param>
          </params>
          <reporter-output>
          </reporter-output>
        </test-method> <!-- setup -->
        <test-method signature="SearchTest(java.lang.String)[pri:0, instance:testcase.FirstTestFW@22ef9844]" started-at="2025-09-09T22:24:21 EEST" name="SearchTest" data-provider="datatest" finished-at="2025-09-09T22:24:55 EEST" duration-ms="34028" status="PASS">
          <params>
            <param index="0">
              <value>
                <![CDATA[Vodaa]]>
              </value>
            </param>
          </params>
          <reporter-output>
            <line>
              <![CDATA[Test started: SearchTest]]>
            </line>
            <line>
              <![CDATA[Number of related sections: 11]]>
            </line>
            <line>
              <![CDATA[Found related search sections: 11]]>
            </line>
            <line>
              <![CDATA[
All related search items contain the word: Vodaa]]>
            </line>
            <line>
              <![CDATA[Number of results on Page 2: 10]]>
            </line>
            <line>
              <![CDATA[Number of results on Page 3: 10]]>
            </line>
            <line>
              <![CDATA[
Page 2 results: 10 | Page 3 results: 10]]>
            </line>
            <line>
              <![CDATA[Test Passed: SearchTest]]>
            </line>
            <line>
              <![CDATA[<a href='C:\Users\El_se7mawy\eclipse-workspace\TestAutomationFramework\screenshots\SearchTest_20250909_222456.png'> <img src='C:\Users\El_se7mawy\eclipse-workspace\TestAutomationFramework\screenshots\SearchTest_20250909_222456.png' height='200' width='200'/> </a>]]>
            </line>
          </reporter-output>
        </test-method> <!-- SearchTest -->
        <test-method is-config="true" signature="tearDown(org.testng.ITestResult)[pri:0, instance:testcase.FirstTestFW@22ef9844]" started-at="2025-09-09T22:24:56 EEST" name="tearDown" finished-at="2025-09-09T22:24:56 EEST" duration-ms="189" status="PASS">
          <params>
            <param index="0">
              <value>
                <![CDATA[[TestResult name=SearchTest status=SUCCESS method=FirstTestFW.SearchTest(java.lang.String)[pri:0, instance:testcase.FirstTestFW@22ef9844] output=Test started: SearchTest]]]>
              </value>
            </param>
          </params>
          <reporter-output>
          </reporter-output>
        </test-method> <!-- tearDown -->
      </class> <!-- testcase.FirstTestFW -->
    </test> <!-- EdgeTest -->
  </suite> <!-- Suite -->
</testng-results>
